2023-10-16 13:22:41,720 DEBUG    root            Loaded Command Group: ['gcloud', 'components']
2023-10-16 13:22:41,724 DEBUG    root            Loaded Command Group: ['gcloud', 'components', 'update']
2023-10-16 13:22:41,726 DEBUG    root            Running [gcloud.components.update] with arguments: [--allow-no-backup: "True", --compile-python: "True", --quiet: "True", COMPONENT-IDS:7: "['core', 'gcloud-deps', 'bq', 'gcloud', 'gcloud-crc32c', 'gsutil', 'anthoscli']"]
2023-10-16 13:22:41,727 INFO     ___FILE_ONLY___ Beginning update. This process may take several minutes.

2023-10-16 13:22:53,770 DEBUG    urllib3.connectionpool Starting new HTTPS connection (1): dl.google.com:443
2023-10-16 13:22:53,921 DEBUG    urllib3.connectionpool https://dl.google.com:443 "GET /dl/cloudsdk/channels/rapid/components-2.json HTTP/1.1" 200 209941
2023-10-16 13:22:53,938 INFO     ___FILE_ONLY___ 

2023-10-16 13:22:53,938 INFO     ___FILE_ONLY___ 
Your current Google Cloud CLI version is: 450.0.0

2023-10-16 13:22:53,938 INFO     ___FILE_ONLY___ Installing components from version: 450.0.0

2023-10-16 13:22:53,938 INFO     ___FILE_ONLY___ 

2023-10-16 13:22:53,939 DEBUG    root            Chosen display Format:table[box,title="These components will be removed."](details.display_name:label=Name:align=left,version.version_string:label=Version:align=right,data.size.size(zero="",min=1048576):label=Size:align=right)
2023-10-16 13:22:53,939 DEBUG    root            Chosen display Format:table[box,title="These components will be updated."](details.display_name:label=Name:align=left,version.version_string:label=Version:align=right,data.size.size(zero="",min=1048576):label=Size:align=right)
2023-10-16 13:22:53,940 DEBUG    root            Chosen display Format:table[box,title="These components will be installed."](details.display_name:label=Name:align=left,version.version_string:label=Version:align=right,data.size.size(zero="",min=1048576):label=Size:align=right)
2023-10-16 13:22:53,946 INFO     ___FILE_ONLY___ ┌─────────────────────────────────────────────────────────────────────────────┐
2023-10-16 13:22:53,946 INFO     ___FILE_ONLY___ 

2023-10-16 13:22:53,946 INFO     ___FILE_ONLY___ │                     These components will be installed.                     │
2023-10-16 13:22:53,946 INFO     ___FILE_ONLY___ 

2023-10-16 13:22:53,946 INFO     ___FILE_ONLY___ ├─────────────────────────────────────────────────────┬────────────┬──────────┤
2023-10-16 13:22:53,946 INFO     ___FILE_ONLY___ 

2023-10-16 13:22:53,946 INFO     ___FILE_ONLY___ │                         Name                        │  Version   │   Size   │
2023-10-16 13:22:53,946 INFO     ___FILE_ONLY___ 

2023-10-16 13:22:53,947 INFO     ___FILE_ONLY___ ├─────────────────────────────────────────────────────┼────────────┼──────────┤
2023-10-16 13:22:53,947 INFO     ___FILE_ONLY___ 

2023-10-16 13:22:53,947 INFO     ___FILE_ONLY___ │ 
2023-10-16 13:22:53,947 INFO     ___FILE_ONLY___ BigQuery Command Line Tool                         
2023-10-16 13:22:53,947 INFO     ___FILE_ONLY___  
2023-10-16 13:22:53,947 INFO     ___FILE_ONLY___ │ 
2023-10-16 13:22:53,947 INFO     ___FILE_ONLY___     2.0.98
2023-10-16 13:22:53,947 INFO     ___FILE_ONLY___  
2023-10-16 13:22:53,947 INFO     ___FILE_ONLY___ │ 
2023-10-16 13:22:53,947 INFO     ___FILE_ONLY___  1.6 MiB
2023-10-16 13:22:53,947 INFO     ___FILE_ONLY___  
2023-10-16 13:22:53,947 INFO     ___FILE_ONLY___ │
2023-10-16 13:22:53,947 INFO     ___FILE_ONLY___ 

2023-10-16 13:22:53,947 INFO     ___FILE_ONLY___ │ 
2023-10-16 13:22:53,947 INFO     ___FILE_ONLY___ BigQuery Command Line Tool (Platform Specific)     
2023-10-16 13:22:53,947 INFO     ___FILE_ONLY___  
2023-10-16 13:22:53,948 INFO     ___FILE_ONLY___ │ 
2023-10-16 13:22:53,948 INFO     ___FILE_ONLY___     2.0.98
2023-10-16 13:22:53,948 INFO     ___FILE_ONLY___  
2023-10-16 13:22:53,948 INFO     ___FILE_ONLY___ │ 
2023-10-16 13:22:53,948 INFO     ___FILE_ONLY___  < 1 MiB
2023-10-16 13:22:53,948 INFO     ___FILE_ONLY___  
2023-10-16 13:22:53,948 INFO     ___FILE_ONLY___ │
2023-10-16 13:22:53,948 INFO     ___FILE_ONLY___ 

2023-10-16 13:22:53,948 INFO     ___FILE_ONLY___ │ 
2023-10-16 13:22:53,948 INFO     ___FILE_ONLY___ Bundled Python 3.9                                 
2023-10-16 13:22:53,948 INFO     ___FILE_ONLY___  
2023-10-16 13:22:53,948 INFO     ___FILE_ONLY___ │ 
2023-10-16 13:22:53,948 INFO     ___FILE_ONLY___     3.9.16
2023-10-16 13:22:53,948 INFO     ___FILE_ONLY___  
2023-10-16 13:22:53,948 INFO     ___FILE_ONLY___ │ 
2023-10-16 13:22:53,948 INFO     ___FILE_ONLY___ 63.6 MiB
2023-10-16 13:22:53,949 INFO     ___FILE_ONLY___  
2023-10-16 13:22:53,949 INFO     ___FILE_ONLY___ │
2023-10-16 13:22:53,949 INFO     ___FILE_ONLY___ 

2023-10-16 13:22:53,949 INFO     ___FILE_ONLY___ │ 
2023-10-16 13:22:53,949 INFO     ___FILE_ONLY___ Cloud Storage Command Line Tool                    
2023-10-16 13:22:53,949 INFO     ___FILE_ONLY___  
2023-10-16 13:22:53,949 INFO     ___FILE_ONLY___ │ 
2023-10-16 13:22:53,949 INFO     ___FILE_ONLY___       5.26
2023-10-16 13:22:53,949 INFO     ___FILE_ONLY___  
2023-10-16 13:22:53,949 INFO     ___FILE_ONLY___ │ 
2023-10-16 13:22:53,949 INFO     ___FILE_ONLY___ 11.3 MiB
2023-10-16 13:22:53,949 INFO     ___FILE_ONLY___  
2023-10-16 13:22:53,949 INFO     ___FILE_ONLY___ │
2023-10-16 13:22:53,949 INFO     ___FILE_ONLY___ 

2023-10-16 13:22:53,949 INFO     ___FILE_ONLY___ │ 
2023-10-16 13:22:53,949 INFO     ___FILE_ONLY___ Cloud Storage Command Line Tool (Platform Specific)
2023-10-16 13:22:53,950 INFO     ___FILE_ONLY___  
2023-10-16 13:22:53,950 INFO     ___FILE_ONLY___ │ 
2023-10-16 13:22:53,950 INFO     ___FILE_ONLY___       5.25
2023-10-16 13:22:53,950 INFO     ___FILE_ONLY___  
2023-10-16 13:22:53,950 INFO     ___FILE_ONLY___ │ 
2023-10-16 13:22:53,950 INFO     ___FILE_ONLY___  < 1 MiB
2023-10-16 13:22:53,950 INFO     ___FILE_ONLY___  
2023-10-16 13:22:53,950 INFO     ___FILE_ONLY___ │
2023-10-16 13:22:53,950 INFO     ___FILE_ONLY___ 

2023-10-16 13:22:53,950 INFO     ___FILE_ONLY___ │ 
2023-10-16 13:22:53,950 INFO     ___FILE_ONLY___ Google Cloud CLI Core Libraries (Platform Specific)
2023-10-16 13:22:53,950 INFO     ___FILE_ONLY___  
2023-10-16 13:22:53,950 INFO     ___FILE_ONLY___ │ 
2023-10-16 13:22:53,950 INFO     ___FILE_ONLY___ 2023.09.15
2023-10-16 13:22:53,950 INFO     ___FILE_ONLY___  
2023-10-16 13:22:53,950 INFO     ___FILE_ONLY___ │ 
2023-10-16 13:22:53,951 INFO     ___FILE_ONLY___  < 1 MiB
2023-10-16 13:22:53,951 INFO     ___FILE_ONLY___  
2023-10-16 13:22:53,951 INFO     ___FILE_ONLY___ │
2023-10-16 13:22:53,951 INFO     ___FILE_ONLY___ 

2023-10-16 13:22:53,951 INFO     ___FILE_ONLY___ │ 
2023-10-16 13:22:53,951 INFO     ___FILE_ONLY___ Google Cloud CRC32C Hash Tool                      
2023-10-16 13:22:53,951 INFO     ___FILE_ONLY___  
2023-10-16 13:22:53,951 INFO     ___FILE_ONLY___ │ 
2023-10-16 13:22:53,951 INFO     ___FILE_ONLY___      1.0.0
2023-10-16 13:22:53,951 INFO     ___FILE_ONLY___  
2023-10-16 13:22:53,951 INFO     ___FILE_ONLY___ │ 
2023-10-16 13:22:53,951 INFO     ___FILE_ONLY___  1.2 MiB
2023-10-16 13:22:53,951 INFO     ___FILE_ONLY___  
2023-10-16 13:22:53,952 INFO     ___FILE_ONLY___ │
2023-10-16 13:22:53,952 INFO     ___FILE_ONLY___ 

2023-10-16 13:22:53,952 INFO     ___FILE_ONLY___ │ 
2023-10-16 13:22:53,952 INFO     ___FILE_ONLY___ anthoscli                                          
2023-10-16 13:22:53,952 INFO     ___FILE_ONLY___  
2023-10-16 13:22:53,952 INFO     ___FILE_ONLY___ │ 
2023-10-16 13:22:53,952 INFO     ___FILE_ONLY___     0.2.40
2023-10-16 13:22:53,952 INFO     ___FILE_ONLY___  
2023-10-16 13:22:53,952 INFO     ___FILE_ONLY___ │ 
2023-10-16 13:22:53,952 INFO     ___FILE_ONLY___ 68.7 MiB
2023-10-16 13:22:53,952 INFO     ___FILE_ONLY___  
2023-10-16 13:22:53,952 INFO     ___FILE_ONLY___ │
2023-10-16 13:22:53,952 INFO     ___FILE_ONLY___ 

2023-10-16 13:22:53,952 INFO     ___FILE_ONLY___ │ 
2023-10-16 13:22:53,953 INFO     ___FILE_ONLY___ gcloud cli dependencies                            
2023-10-16 13:22:53,953 INFO     ___FILE_ONLY___  
2023-10-16 13:22:53,953 INFO     ___FILE_ONLY___ │ 
2023-10-16 13:22:53,953 INFO     ___FILE_ONLY___ 2021.04.16
2023-10-16 13:22:53,953 INFO     ___FILE_ONLY___  
2023-10-16 13:22:53,953 INFO     ___FILE_ONLY___ │ 
2023-10-16 13:22:53,953 INFO     ___FILE_ONLY___  < 1 MiB
2023-10-16 13:22:53,953 INFO     ___FILE_ONLY___  
2023-10-16 13:22:53,953 INFO     ___FILE_ONLY___ │
2023-10-16 13:22:53,953 INFO     ___FILE_ONLY___ 

2023-10-16 13:22:53,953 INFO     ___FILE_ONLY___ └─────────────────────────────────────────────────────┴────────────┴──────────┘
2023-10-16 13:22:53,953 INFO     ___FILE_ONLY___ 

2023-10-16 13:22:53,953 INFO     ___FILE_ONLY___ 

2023-10-16 13:22:53,957 DEBUG    urllib3.connectionpool Starting new HTTPS connection (1): dl.google.com:443
2023-10-16 13:22:54,055 DEBUG    urllib3.connectionpool https://dl.google.com:443 "GET /dl/cloudsdk/channels/rapid/RELEASE_NOTES HTTP/1.1" 200 1089789
2023-10-16 13:22:54,130 INFO     ___FILE_ONLY___ For the latest full release notes, please visit:
  https://cloud.google.com/sdk/release_notes


2023-10-16 13:22:54,133 INFO     ___FILE_ONLY___ ╔════════════════════════════════════════════════════════════╗

2023-10-16 13:22:54,133 INFO     ___FILE_ONLY___ ╠═ Creating update staging area                             ═╣

2023-10-16 13:22:54,133 INFO     ___FILE_ONLY___ ╚
2023-10-16 13:22:54,133 INFO     ___FILE_ONLY___ ══════
2023-10-16 13:22:54,133 INFO     ___FILE_ONLY___ ══════
2023-10-16 13:22:54,133 INFO     ___FILE_ONLY___ ══════
2023-10-16 13:22:54,364 INFO     ___FILE_ONLY___ ═
2023-10-16 13:22:54,422 INFO     ___FILE_ONLY___ ═
2023-10-16 13:22:54,478 INFO     ___FILE_ONLY___ ═
2023-10-16 13:22:54,530 INFO     ___FILE_ONLY___ ═
2023-10-16 13:22:54,580 INFO     ___FILE_ONLY___ ═
2023-10-16 13:22:54,635 INFO     ___FILE_ONLY___ ═
2023-10-16 13:22:54,684 INFO     ___FILE_ONLY___ ═
2023-10-16 13:22:54,726 INFO     ___FILE_ONLY___ ═
2023-10-16 13:22:54,775 INFO     ___FILE_ONLY___ ═
2023-10-16 13:22:54,819 INFO     ___FILE_ONLY___ ═
2023-10-16 13:22:54,870 INFO     ___FILE_ONLY___ ═
2023-10-16 13:22:54,922 INFO     ___FILE_ONLY___ ═
2023-10-16 13:22:54,970 INFO     ___FILE_ONLY___ ═
2023-10-16 13:22:55,023 INFO     ___FILE_ONLY___ ═
2023-10-16 13:22:55,069 INFO     ___FILE_ONLY___ ═
2023-10-16 13:22:55,126 INFO     ___FILE_ONLY___ ═
2023-10-16 13:22:55,268 INFO     ___FILE_ONLY___ ═
2023-10-16 13:22:55,308 INFO     ___FILE_ONLY___ ═
2023-10-16 13:22:55,350 INFO     ___FILE_ONLY___ ═
2023-10-16 13:22:55,392 INFO     ___FILE_ONLY___ ═
2023-10-16 13:22:55,437 INFO     ___FILE_ONLY___ ═
2023-10-16 13:22:55,477 INFO     ___FILE_ONLY___ ═
2023-10-16 13:22:55,514 INFO     ___FILE_ONLY___ ═
2023-10-16 13:22:55,556 INFO     ___FILE_ONLY___ ═
2023-10-16 13:22:55,600 INFO     ___FILE_ONLY___ ═
2023-10-16 13:22:55,650 INFO     ___FILE_ONLY___ ═
2023-10-16 13:22:55,687 INFO     ___FILE_ONLY___ ═
2023-10-16 13:22:55,723 INFO     ___FILE_ONLY___ ═
2023-10-16 13:22:55,774 INFO     ___FILE_ONLY___ ═
2023-10-16 13:22:55,829 INFO     ___FILE_ONLY___ ═
2023-10-16 13:22:55,878 INFO     ___FILE_ONLY___ ═
2023-10-16 13:22:55,917 INFO     ___FILE_ONLY___ ═
2023-10-16 13:22:55,972 INFO     ___FILE_ONLY___ ═
2023-10-16 13:22:56,143 INFO     ___FILE_ONLY___ ═
2023-10-16 13:22:56,167 INFO     ___FILE_ONLY___ ═
2023-10-16 13:22:56,190 INFO     ___FILE_ONLY___ ═
2023-10-16 13:22:56,222 INFO     ___FILE_ONLY___ ═
2023-10-16 13:22:56,250 INFO     ___FILE_ONLY___ ═
2023-10-16 13:22:56,278 INFO     ___FILE_ONLY___ ═
2023-10-16 13:22:56,318 INFO     ___FILE_ONLY___ ═
2023-10-16 13:22:56,422 INFO     ___FILE_ONLY___ ═
2023-10-16 13:22:56,464 INFO     ___FILE_ONLY___ ═
2023-10-16 13:22:56,464 INFO     ___FILE_ONLY___ ╝

2023-10-16 13:22:56,578 INFO     ___FILE_ONLY___ ╔════════════════════════════════════════════════════════════╗

2023-10-16 13:22:56,578 INFO     ___FILE_ONLY___ ╠═ Installing: BigQuery Command Line Tool                   ═╣

2023-10-16 13:22:56,578 INFO     ___FILE_ONLY___ ╚
2023-10-16 13:22:56,582 DEBUG    urllib3.connectionpool Starting new HTTPS connection (1): dl.google.com:443
2023-10-16 13:22:56,743 DEBUG    urllib3.connectionpool https://dl.google.com:443 "GET /dl/cloudsdk/channels/rapid/components/google-cloud-sdk-bq-20230913232318.tar.gz HTTP/1.1" 200 1659622
2023-10-16 13:22:56,806 INFO     ___FILE_ONLY___ ═
2023-10-16 13:22:56,807 INFO     ___FILE_ONLY___ ═
2023-10-16 13:22:56,807 INFO     ___FILE_ONLY___ ═
2023-10-16 13:22:56,807 INFO     ___FILE_ONLY___ ═
2023-10-16 13:22:56,807 INFO     ___FILE_ONLY___ ═
2023-10-16 13:22:56,807 INFO     ___FILE_ONLY___ ═
2023-10-16 13:22:56,808 INFO     ___FILE_ONLY___ ═
2023-10-16 13:22:56,808 INFO     ___FILE_ONLY___ ═
2023-10-16 13:22:56,808 INFO     ___FILE_ONLY___ ═
2023-10-16 13:22:56,808 INFO     ___FILE_ONLY___ ═
2023-10-16 13:22:56,808 INFO     ___FILE_ONLY___ ═
2023-10-16 13:22:56,808 INFO     ___FILE_ONLY___ ═
2023-10-16 13:22:56,808 INFO     ___FILE_ONLY___ ═
2023-10-16 13:22:56,809 INFO     ___FILE_ONLY___ ═
2023-10-16 13:22:56,809 INFO     ___FILE_ONLY___ ═
2023-10-16 13:22:56,809 INFO     ___FILE_ONLY___ ═
2023-10-16 13:22:56,809 INFO     ___FILE_ONLY___ ═
2023-10-16 13:22:56,809 INFO     ___FILE_ONLY___ ═
2023-10-16 13:22:56,809 INFO     ___FILE_ONLY___ ═
2023-10-16 13:22:56,809 INFO     ___FILE_ONLY___ ═
2023-10-16 13:22:56,809 INFO     ___FILE_ONLY___ ═
2023-10-16 13:22:56,810 INFO     ___FILE_ONLY___ ═
2023-10-16 13:22:56,810 INFO     ___FILE_ONLY___ ═
2023-10-16 13:22:56,810 INFO     ___FILE_ONLY___ ═
2023-10-16 13:22:56,810 INFO     ___FILE_ONLY___ ═
2023-10-16 13:22:56,810 INFO     ___FILE_ONLY___ ═
2023-10-16 13:22:56,810 INFO     ___FILE_ONLY___ ═
2023-10-16 13:22:56,810 INFO     ___FILE_ONLY___ ═
2023-10-16 13:22:56,811 INFO     ___FILE_ONLY___ ═
2023-10-16 13:22:56,811 INFO     ___FILE_ONLY___ ═
2023-10-16 13:22:56,925 INFO     ___FILE_ONLY___ ═
2023-10-16 13:22:56,929 INFO     ___FILE_ONLY___ ═
2023-10-16 13:22:56,933 INFO     ___FILE_ONLY___ ═
2023-10-16 13:22:56,936 INFO     ___FILE_ONLY___ ═
2023-10-16 13:22:56,940 INFO     ___FILE_ONLY___ ═
2023-10-16 13:22:56,943 INFO     ___FILE_ONLY___ ═
2023-10-16 13:22:56,948 INFO     ___FILE_ONLY___ ═
2023-10-16 13:22:56,952 INFO     ___FILE_ONLY___ ═
2023-10-16 13:22:56,956 INFO     ___FILE_ONLY___ ═
2023-10-16 13:22:56,959 INFO     ___FILE_ONLY___ ═
2023-10-16 13:22:56,962 INFO     ___FILE_ONLY___ ═
2023-10-16 13:22:56,965 INFO     ___FILE_ONLY___ ═
2023-10-16 13:22:56,971 INFO     ___FILE_ONLY___ ═
2023-10-16 13:22:56,974 INFO     ___FILE_ONLY___ ═
2023-10-16 13:22:56,977 INFO     ___FILE_ONLY___ ═
2023-10-16 13:22:56,981 INFO     ___FILE_ONLY___ ═
2023-10-16 13:22:56,985 INFO     ___FILE_ONLY___ ═
2023-10-16 13:22:56,989 INFO     ___FILE_ONLY___ ═
2023-10-16 13:22:56,994 INFO     ___FILE_ONLY___ ═
2023-10-16 13:22:56,998 INFO     ___FILE_ONLY___ ═
2023-10-16 13:22:57,002 INFO     ___FILE_ONLY___ ═
2023-10-16 13:22:57,008 INFO     ___FILE_ONLY___ ═
2023-10-16 13:22:57,014 INFO     ___FILE_ONLY___ ═
2023-10-16 13:22:57,018 INFO     ___FILE_ONLY___ ═
2023-10-16 13:22:57,021 INFO     ___FILE_ONLY___ ═
2023-10-16 13:22:57,025 INFO     ___FILE_ONLY___ ═
2023-10-16 13:22:57,028 INFO     ___FILE_ONLY___ ═
2023-10-16 13:22:57,032 INFO     ___FILE_ONLY___ ═
2023-10-16 13:22:57,035 INFO     ___FILE_ONLY___ ═
2023-10-16 13:22:57,039 INFO     ___FILE_ONLY___ ═
2023-10-16 13:22:57,039 INFO     ___FILE_ONLY___ ╝

2023-10-16 13:22:57,052 INFO     ___FILE_ONLY___ ╔════════════════════════════════════════════════════════════╗

2023-10-16 13:22:57,052 INFO     ___FILE_ONLY___ ╠═ Installing: BigQuery Command Line Tool (Platform Spec... ═╣

2023-10-16 13:22:57,052 INFO     ___FILE_ONLY___ ╚
2023-10-16 13:22:57,056 DEBUG    urllib3.connectionpool Starting new HTTPS connection (1): dl.google.com:443
2023-10-16 13:22:57,151 DEBUG    urllib3.connectionpool https://dl.google.com:443 "GET /dl/cloudsdk/channels/rapid/components/google-cloud-sdk-bq-nix-20230915145114.tar.gz HTTP/1.1" 200 1943
2023-10-16 13:22:57,152 INFO     ___FILE_ONLY___ ══════════════════════════════
2023-10-16 13:22:57,153 INFO     ___FILE_ONLY___ ══════════════════════════════
2023-10-16 13:22:57,153 INFO     ___FILE_ONLY___ ╝

2023-10-16 13:22:57,161 INFO     ___FILE_ONLY___ ╔════════════════════════════════════════════════════════════╗

2023-10-16 13:22:57,161 INFO     ___FILE_ONLY___ ╠═ Installing: Bundled Python 3.9                           ═╣

2023-10-16 13:22:57,161 INFO     ___FILE_ONLY___ ╚
2023-10-16 13:22:57,165 DEBUG    urllib3.connectionpool Starting new HTTPS connection (1): dl.google.com:443
2023-10-16 13:22:57,266 DEBUG    urllib3.connectionpool https://dl.google.com:443 "GET /dl/cloudsdk/channels/rapid/components/google-cloud-sdk-bundled-python3-unix-linux-x86_64-20230707144938.tar.gz HTTP/1.1" 200 66719069
2023-10-16 13:22:57,770 INFO     ___FILE_ONLY___ ═
2023-10-16 13:22:57,772 INFO     ___FILE_ONLY___ ═
2023-10-16 13:22:57,774 INFO     ___FILE_ONLY___ ═
2023-10-16 13:22:57,777 INFO     ___FILE_ONLY___ ═
2023-10-16 13:22:57,779 INFO     ___FILE_ONLY___ ═
2023-10-16 13:22:57,782 INFO     ___FILE_ONLY___ ═
2023-10-16 13:22:57,784 INFO     ___FILE_ONLY___ ═
2023-10-16 13:22:57,786 INFO     ___FILE_ONLY___ ═
2023-10-16 13:22:57,789 INFO     ___FILE_ONLY___ ═
2023-10-16 13:22:57,791 INFO     ___FILE_ONLY___ ═
2023-10-16 13:22:57,793 INFO     ___FILE_ONLY___ ═
2023-10-16 13:22:57,796 INFO     ___FILE_ONLY___ ═
2023-10-16 13:22:57,798 INFO     ___FILE_ONLY___ ═
2023-10-16 13:22:57,800 INFO     ___FILE_ONLY___ ═
2023-10-16 13:22:57,803 INFO     ___FILE_ONLY___ ═
2023-10-16 13:22:57,805 INFO     ___FILE_ONLY___ ═
2023-10-16 13:22:57,807 INFO     ___FILE_ONLY___ ═
2023-10-16 13:22:57,810 INFO     ___FILE_ONLY___ ═
2023-10-16 13:22:57,812 INFO     ___FILE_ONLY___ ═
2023-10-16 13:22:57,815 INFO     ___FILE_ONLY___ ═
2023-10-16 13:22:57,817 INFO     ___FILE_ONLY___ ═
2023-10-16 13:22:57,819 INFO     ___FILE_ONLY___ ═
2023-10-16 13:22:57,822 INFO     ___FILE_ONLY___ ═
2023-10-16 13:22:57,824 INFO     ___FILE_ONLY___ ═
2023-10-16 13:22:57,827 INFO     ___FILE_ONLY___ ═
2023-10-16 13:22:57,829 INFO     ___FILE_ONLY___ ═
2023-10-16 13:22:57,831 INFO     ___FILE_ONLY___ ═
2023-10-16 13:22:57,834 INFO     ___FILE_ONLY___ ═
2023-10-16 13:22:57,836 INFO     ___FILE_ONLY___ ═
2023-10-16 13:22:57,839 INFO     ___FILE_ONLY___ ═
2023-10-16 13:22:59,720 INFO     ___FILE_ONLY___ ═
2023-10-16 13:22:59,732 INFO     ___FILE_ONLY___ ═
2023-10-16 13:22:59,745 INFO     ___FILE_ONLY___ ═
2023-10-16 13:22:59,758 INFO     ___FILE_ONLY___ ═
2023-10-16 13:22:59,770 INFO     ___FILE_ONLY___ ═
2023-10-16 13:22:59,787 INFO     ___FILE_ONLY___ ═
2023-10-16 13:22:59,804 INFO     ___FILE_ONLY___ ═
2023-10-16 13:22:59,825 INFO     ___FILE_ONLY___ ═
2023-10-16 13:22:59,841 INFO     ___FILE_ONLY___ ═
2023-10-16 13:22:59,854 INFO     ___FILE_ONLY___ ═
2023-10-16 13:22:59,872 INFO     ___FILE_ONLY___ ═
2023-10-16 13:22:59,891 INFO     ___FILE_ONLY___ ═
2023-10-16 13:22:59,906 INFO     ___FILE_ONLY___ ═
2023-10-16 13:23:00,026 INFO     ___FILE_ONLY___ ═
2023-10-16 13:23:00,040 INFO     ___FILE_ONLY___ ═
2023-10-16 13:23:00,133 INFO     ___FILE_ONLY___ ═
2023-10-16 13:23:00,155 INFO     ___FILE_ONLY___ ═
2023-10-16 13:23:00,175 INFO     ___FILE_ONLY___ ═
2023-10-16 13:23:00,192 INFO     ___FILE_ONLY___ ═
2023-10-16 13:23:00,227 INFO     ___FILE_ONLY___ ═
2023-10-16 13:23:00,241 INFO     ___FILE_ONLY___ ═
2023-10-16 13:23:00,253 INFO     ___FILE_ONLY___ ═
2023-10-16 13:23:00,268 INFO     ___FILE_ONLY___ ═
2023-10-16 13:23:00,285 INFO     ___FILE_ONLY___ ═
2023-10-16 13:23:00,303 INFO     ___FILE_ONLY___ ═
2023-10-16 13:23:00,321 INFO     ___FILE_ONLY___ ═
2023-10-16 13:23:00,927 INFO     ___FILE_ONLY___ ═
2023-10-16 13:23:01,209 INFO     ___FILE_ONLY___ ═
2023-10-16 13:23:01,220 INFO     ___FILE_ONLY___ ═
2023-10-16 13:23:01,231 INFO     ___FILE_ONLY___ ═
2023-10-16 13:23:01,231 INFO     ___FILE_ONLY___ ╝

2023-10-16 13:23:01,276 INFO     ___FILE_ONLY___ ╔════════════════════════════════════════════════════════════╗

2023-10-16 13:23:01,276 INFO     ___FILE_ONLY___ ╠═ Installing: Bundled Python 3.9                           ═╣

2023-10-16 13:23:01,276 INFO     ___FILE_ONLY___ ╚
2023-10-16 13:23:01,280 INFO     ___FILE_ONLY___ ════════════════════════════════════════════════════════════
2023-10-16 13:23:01,280 INFO     ___FILE_ONLY___ ╝

2023-10-16 13:23:01,282 INFO     ___FILE_ONLY___ ╔════════════════════════════════════════════════════════════╗

2023-10-16 13:23:01,282 INFO     ___FILE_ONLY___ ╠═ Installing: Cloud Storage Command Line Tool              ═╣

2023-10-16 13:23:01,282 INFO     ___FILE_ONLY___ ╚
2023-10-16 13:23:01,286 DEBUG    urllib3.connectionpool Starting new HTTPS connection (1): dl.google.com:443
2023-10-16 13:23:01,447 DEBUG    urllib3.connectionpool https://dl.google.com:443 "GET /dl/cloudsdk/channels/rapid/components/google-cloud-sdk-gsutil-20231002150006.tar.gz HTTP/1.1" 200 11838390
2023-10-16 13:23:01,578 INFO     ___FILE_ONLY___ ═
2023-10-16 13:23:01,578 INFO     ___FILE_ONLY___ ═
2023-10-16 13:23:01,579 INFO     ___FILE_ONLY___ ═
2023-10-16 13:23:01,579 INFO     ___FILE_ONLY___ ═
2023-10-16 13:23:01,580 INFO     ___FILE_ONLY___ ═
2023-10-16 13:23:01,580 INFO     ___FILE_ONLY___ ═
2023-10-16 13:23:01,581 INFO     ___FILE_ONLY___ ═
2023-10-16 13:23:01,581 INFO     ___FILE_ONLY___ ═
2023-10-16 13:23:01,582 INFO     ___FILE_ONLY___ ═
2023-10-16 13:23:01,582 INFO     ___FILE_ONLY___ ═
2023-10-16 13:23:01,583 INFO     ___FILE_ONLY___ ═
2023-10-16 13:23:01,583 INFO     ___FILE_ONLY___ ═
2023-10-16 13:23:01,584 INFO     ___FILE_ONLY___ ═
2023-10-16 13:23:01,584 INFO     ___FILE_ONLY___ ═
2023-10-16 13:23:01,585 INFO     ___FILE_ONLY___ ═
2023-10-16 13:23:01,585 INFO     ___FILE_ONLY___ ═
2023-10-16 13:23:01,586 INFO     ___FILE_ONLY___ ═
2023-10-16 13:23:01,586 INFO     ___FILE_ONLY___ ═
2023-10-16 13:23:01,587 INFO     ___FILE_ONLY___ ═
2023-10-16 13:23:01,587 INFO     ___FILE_ONLY___ ═
2023-10-16 13:23:01,588 INFO     ___FILE_ONLY___ ═
2023-10-16 13:23:01,588 INFO     ___FILE_ONLY___ ═
2023-10-16 13:23:01,589 INFO     ___FILE_ONLY___ ═
2023-10-16 13:23:01,589 INFO     ___FILE_ONLY___ ═
2023-10-16 13:23:01,590 INFO     ___FILE_ONLY___ ═
2023-10-16 13:23:01,590 INFO     ___FILE_ONLY___ ═
2023-10-16 13:23:01,591 INFO     ___FILE_ONLY___ ═
2023-10-16 13:23:01,591 INFO     ___FILE_ONLY___ ═
2023-10-16 13:23:01,592 INFO     ___FILE_ONLY___ ═
2023-10-16 13:23:01,592 INFO     ___FILE_ONLY___ ═
2023-10-16 13:23:02,301 INFO     ___FILE_ONLY___ ═
2023-10-16 13:23:02,328 INFO     ___FILE_ONLY___ ═
2023-10-16 13:23:02,353 INFO     ___FILE_ONLY___ ═
2023-10-16 13:23:02,381 INFO     ___FILE_ONLY___ ═
2023-10-16 13:23:02,399 INFO     ___FILE_ONLY___ ═
2023-10-16 13:23:02,418 INFO     ___FILE_ONLY___ ═
2023-10-16 13:23:02,440 INFO     ___FILE_ONLY___ ═
2023-10-16 13:23:02,462 INFO     ___FILE_ONLY___ ═
2023-10-16 13:23:02,485 INFO     ___FILE_ONLY___ ═
2023-10-16 13:23:02,521 INFO     ___FILE_ONLY___ ═
2023-10-16 13:23:02,552 INFO     ___FILE_ONLY___ ═
2023-10-16 13:23:02,577 INFO     ___FILE_ONLY___ ═
2023-10-16 13:23:02,614 INFO     ___FILE_ONLY___ ═
2023-10-16 13:23:02,646 INFO     ___FILE_ONLY___ ═
2023-10-16 13:23:02,676 INFO     ___FILE_ONLY___ ═
2023-10-16 13:23:02,699 INFO     ___FILE_ONLY___ ═
2023-10-16 13:23:02,717 INFO     ___FILE_ONLY___ ═
2023-10-16 13:23:02,740 INFO     ___FILE_ONLY___ ═
2023-10-16 13:23:02,763 INFO     ___FILE_ONLY___ ═
2023-10-16 13:23:02,788 INFO     ___FILE_ONLY___ ═
2023-10-16 13:23:02,816 INFO     ___FILE_ONLY___ ═
2023-10-16 13:23:02,841 INFO     ___FILE_ONLY___ ═
2023-10-16 13:23:02,864 INFO     ___FILE_ONLY___ ═
2023-10-16 13:23:02,911 INFO     ___FILE_ONLY___ ═
2023-10-16 13:23:02,937 INFO     ___FILE_ONLY___ ═
2023-10-16 13:23:02,962 INFO     ___FILE_ONLY___ ═
2023-10-16 13:23:02,980 INFO     ___FILE_ONLY___ ═
2023-10-16 13:23:03,000 INFO     ___FILE_ONLY___ ═
2023-10-16 13:23:03,022 INFO     ___FILE_ONLY___ ═
2023-10-16 13:23:03,042 INFO     ___FILE_ONLY___ ═
2023-10-16 13:23:03,043 INFO     ___FILE_ONLY___ ╝

2023-10-16 13:23:03,095 INFO     ___FILE_ONLY___ ╔════════════════════════════════════════════════════════════╗

2023-10-16 13:23:03,096 INFO     ___FILE_ONLY___ ╠═ Installing: Cloud Storage Command Line Tool (Platform... ═╣

2023-10-16 13:23:03,096 INFO     ___FILE_ONLY___ ╚
2023-10-16 13:23:03,100 DEBUG    urllib3.connectionpool Starting new HTTPS connection (1): dl.google.com:443
2023-10-16 13:23:03,196 DEBUG    urllib3.connectionpool https://dl.google.com:443 "GET /dl/cloudsdk/channels/rapid/components/google-cloud-sdk-gsutil-nix-20230915145114.tar.gz HTTP/1.1" 200 1955
2023-10-16 13:23:03,197 INFO     ___FILE_ONLY___ ══════════════════════════════
2023-10-16 13:23:03,198 INFO     ___FILE_ONLY___ ══════════════════════════════
2023-10-16 13:23:03,198 INFO     ___FILE_ONLY___ ╝

2023-10-16 13:23:03,206 INFO     ___FILE_ONLY___ ╔════════════════════════════════════════════════════════════╗

2023-10-16 13:23:03,207 INFO     ___FILE_ONLY___ ╠═ Installing: Default set of gcloud commands               ═╣

2023-10-16 13:23:03,207 INFO     ___FILE_ONLY___ ╚
2023-10-16 13:23:03,211 INFO     ___FILE_ONLY___ ════════════════════════════════════════════════════════════
2023-10-16 13:23:03,211 INFO     ___FILE_ONLY___ ╝

2023-10-16 13:23:03,213 INFO     ___FILE_ONLY___ ╔════════════════════════════════════════════════════════════╗

2023-10-16 13:23:03,213 INFO     ___FILE_ONLY___ ╠═ Installing: Google Cloud CLI Core Libraries (Platform... ═╣

2023-10-16 13:23:03,213 INFO     ___FILE_ONLY___ ╚
2023-10-16 13:23:03,217 DEBUG    urllib3.connectionpool Starting new HTTPS connection (1): dl.google.com:443
2023-10-16 13:23:03,312 DEBUG    urllib3.connectionpool https://dl.google.com:443 "GET /dl/cloudsdk/channels/rapid/components/google-cloud-sdk-core-nix-20230915145114.tar.gz HTTP/1.1" 200 2319
2023-10-16 13:23:03,313 INFO     ___FILE_ONLY___ ══════════════════════════════
2023-10-16 13:23:03,314 INFO     ___FILE_ONLY___ ═══════════════
2023-10-16 13:23:03,315 INFO     ___FILE_ONLY___ ═══════════════
2023-10-16 13:23:03,315 INFO     ___FILE_ONLY___ ╝

2023-10-16 13:23:03,323 INFO     ___FILE_ONLY___ ╔════════════════════════════════════════════════════════════╗

2023-10-16 13:23:03,323 INFO     ___FILE_ONLY___ ╠═ Installing: Google Cloud CRC32C Hash Tool                ═╣

2023-10-16 13:23:03,323 INFO     ___FILE_ONLY___ ╚
2023-10-16 13:23:03,327 DEBUG    urllib3.connectionpool Starting new HTTPS connection (1): dl.google.com:443
2023-10-16 13:23:03,487 DEBUG    urllib3.connectionpool https://dl.google.com:443 "GET /dl/cloudsdk/channels/rapid/components/google-cloud-sdk-gcloud-crc32c-linux-x86_64-20230922151743.tar.gz HTTP/1.1" 200 1288666
2023-10-16 13:23:03,547 INFO     ___FILE_ONLY___ ═
2023-10-16 13:23:03,548 INFO     ___FILE_ONLY___ ═
2023-10-16 13:23:03,548 INFO     ___FILE_ONLY___ ═
2023-10-16 13:23:03,548 INFO     ___FILE_ONLY___ ═
2023-10-16 13:23:03,548 INFO     ___FILE_ONLY___ ═
2023-10-16 13:23:03,548 INFO     ___FILE_ONLY___ ═
2023-10-16 13:23:03,548 INFO     ___FILE_ONLY___ ═
2023-10-16 13:23:03,548 INFO     ___FILE_ONLY___ ═
2023-10-16 13:23:03,549 INFO     ___FILE_ONLY___ ═
2023-10-16 13:23:03,549 INFO     ___FILE_ONLY___ ═
2023-10-16 13:23:03,549 INFO     ___FILE_ONLY___ ═
2023-10-16 13:23:03,549 INFO     ___FILE_ONLY___ ═
2023-10-16 13:23:03,549 INFO     ___FILE_ONLY___ ═
2023-10-16 13:23:03,549 INFO     ___FILE_ONLY___ ═
2023-10-16 13:23:03,549 INFO     ___FILE_ONLY___ ═
2023-10-16 13:23:03,549 INFO     ___FILE_ONLY___ ═
2023-10-16 13:23:03,549 INFO     ___FILE_ONLY___ ═
2023-10-16 13:23:03,550 INFO     ___FILE_ONLY___ ═
2023-10-16 13:23:03,550 INFO     ___FILE_ONLY___ ═
2023-10-16 13:23:03,550 INFO     ___FILE_ONLY___ ═
2023-10-16 13:23:03,550 INFO     ___FILE_ONLY___ ═
2023-10-16 13:23:03,550 INFO     ___FILE_ONLY___ ═
2023-10-16 13:23:03,550 INFO     ___FILE_ONLY___ ═
2023-10-16 13:23:03,550 INFO     ___FILE_ONLY___ ═
2023-10-16 13:23:03,550 INFO     ___FILE_ONLY___ ═
2023-10-16 13:23:03,551 INFO     ___FILE_ONLY___ ═
2023-10-16 13:23:03,551 INFO     ___FILE_ONLY___ ═
2023-10-16 13:23:03,551 INFO     ___FILE_ONLY___ ═
2023-10-16 13:23:03,551 INFO     ___FILE_ONLY___ ═
2023-10-16 13:23:03,551 INFO     ___FILE_ONLY___ ═
2023-10-16 13:23:03,584 INFO     ___FILE_ONLY___ ═══════════════
2023-10-16 13:23:03,585 INFO     ___FILE_ONLY___ ═══════════════
2023-10-16 13:23:03,585 INFO     ___FILE_ONLY___ ╝

2023-10-16 13:23:03,594 INFO     ___FILE_ONLY___ ╔════════════════════════════════════════════════════════════╗

2023-10-16 13:23:03,594 INFO     ___FILE_ONLY___ ╠═ Installing: Google Cloud CRC32C Hash Tool                ═╣

2023-10-16 13:23:03,594 INFO     ___FILE_ONLY___ ╚
2023-10-16 13:23:03,598 INFO     ___FILE_ONLY___ ════════════════════════════════════════════════════════════
2023-10-16 13:23:03,598 INFO     ___FILE_ONLY___ ╝

2023-10-16 13:23:03,600 INFO     ___FILE_ONLY___ ╔════════════════════════════════════════════════════════════╗

2023-10-16 13:23:03,600 INFO     ___FILE_ONLY___ ╠═ Installing: anthoscli                                    ═╣

2023-10-16 13:23:03,600 INFO     ___FILE_ONLY___ ╚
2023-10-16 13:23:03,604 INFO     ___FILE_ONLY___ ════════════════════════════════════════════════════════════
2023-10-16 13:23:03,605 INFO     ___FILE_ONLY___ ╝

2023-10-16 13:23:03,606 INFO     ___FILE_ONLY___ ╔════════════════════════════════════════════════════════════╗

2023-10-16 13:23:03,607 INFO     ___FILE_ONLY___ ╠═ Installing: anthoscli                                    ═╣

2023-10-16 13:23:03,607 INFO     ___FILE_ONLY___ ╚
2023-10-16 13:23:03,611 DEBUG    urllib3.connectionpool Starting new HTTPS connection (1): dl.google.com:443
2023-10-16 13:23:03,713 DEBUG    urllib3.connectionpool https://dl.google.com:443 "GET /dl/cloudsdk/channels/rapid/components/google-cloud-sdk-anthoscli-linux-x86_64-20230915145114.tar.gz HTTP/1.1" 200 72006203
2023-10-16 13:23:04,312 INFO     ___FILE_ONLY___ ═
2023-10-16 13:23:04,315 INFO     ___FILE_ONLY___ ═
2023-10-16 13:23:04,317 INFO     ___FILE_ONLY___ ═
2023-10-16 13:23:04,320 INFO     ___FILE_ONLY___ ═
2023-10-16 13:23:04,323 INFO     ___FILE_ONLY___ ═
2023-10-16 13:23:04,325 INFO     ___FILE_ONLY___ ═
2023-10-16 13:23:04,328 INFO     ___FILE_ONLY___ ═
2023-10-16 13:23:04,330 INFO     ___FILE_ONLY___ ═
2023-10-16 13:23:04,333 INFO     ___FILE_ONLY___ ═
2023-10-16 13:23:04,336 INFO     ___FILE_ONLY___ ═
2023-10-16 13:23:04,338 INFO     ___FILE_ONLY___ ═
2023-10-16 13:23:04,341 INFO     ___FILE_ONLY___ ═
2023-10-16 13:23:04,343 INFO     ___FILE_ONLY___ ═
2023-10-16 13:23:04,346 INFO     ___FILE_ONLY___ ═
2023-10-16 13:23:04,348 INFO     ___FILE_ONLY___ ═
2023-10-16 13:23:04,351 INFO     ___FILE_ONLY___ ═
2023-10-16 13:23:04,353 INFO     ___FILE_ONLY___ ═
2023-10-16 13:23:04,356 INFO     ___FILE_ONLY___ ═
2023-10-16 13:23:04,359 INFO     ___FILE_ONLY___ ═
2023-10-16 13:23:04,361 INFO     ___FILE_ONLY___ ═
2023-10-16 13:23:04,364 INFO     ___FILE_ONLY___ ═
2023-10-16 13:23:04,366 INFO     ___FILE_ONLY___ ═
2023-10-16 13:23:04,369 INFO     ___FILE_ONLY___ ═
2023-10-16 13:23:04,372 INFO     ___FILE_ONLY___ ═
2023-10-16 13:23:04,375 INFO     ___FILE_ONLY___ ═
2023-10-16 13:23:04,378 INFO     ___FILE_ONLY___ ═
2023-10-16 13:23:04,380 INFO     ___FILE_ONLY___ ═
2023-10-16 13:23:04,383 INFO     ___FILE_ONLY___ ═
2023-10-16 13:23:04,386 INFO     ___FILE_ONLY___ ═
2023-10-16 13:23:04,388 INFO     ___FILE_ONLY___ ═
2023-10-16 13:23:06,567 INFO     ___FILE_ONLY___ ══════════
2023-10-16 13:23:06,572 INFO     ___FILE_ONLY___ ═════════
2023-10-16 13:23:06,599 INFO     ___FILE_ONLY___ ═══════════
2023-10-16 13:23:06,599 INFO     ___FILE_ONLY___ ╝

2023-10-16 13:23:06,620 INFO     ___FILE_ONLY___ ╔════════════════════════════════════════════════════════════╗

2023-10-16 13:23:06,620 INFO     ___FILE_ONLY___ ╠═ Installing: gcloud cli dependencies                      ═╣

2023-10-16 13:23:06,620 INFO     ___FILE_ONLY___ ╚
2023-10-16 13:23:06,624 DEBUG    urllib3.connectionpool Starting new HTTPS connection (1): dl.google.com:443
2023-10-16 13:23:06,721 DEBUG    urllib3.connectionpool https://dl.google.com:443 "GET /dl/cloudsdk/channels/rapid/components/google-cloud-sdk-gcloud-deps-linux-x86_64-20210416153011.tar.gz HTTP/1.1" 200 104
2023-10-16 13:23:06,722 INFO     ___FILE_ONLY___ ══════════════════════════════
2023-10-16 13:23:06,722 INFO     ___FILE_ONLY___ ══════════════════════════════
2023-10-16 13:23:06,723 INFO     ___FILE_ONLY___ ╝

2023-10-16 13:23:06,731 INFO     ___FILE_ONLY___ ╔════════════════════════════════════════════════════════════╗

2023-10-16 13:23:06,731 INFO     ___FILE_ONLY___ ╠═ Creating backup and activating new installation          ═╣

2023-10-16 13:23:06,731 INFO     ___FILE_ONLY___ ╚
2023-10-16 13:23:06,731 DEBUG    root            Attempting to move directory [/tools/google-cloud-sdk] to [/tools/google-cloud-sdk.staging/.install/.backup]
2023-10-16 13:23:06,731 INFO     ___FILE_ONLY___ ══════════════════════════════
2023-10-16 13:23:06,731 DEBUG    root            Attempting to move directory [/tools/google-cloud-sdk.staging] to [/tools/google-cloud-sdk]
2023-10-16 13:23:06,731 INFO     ___FILE_ONLY___ ══════════════════════════════
2023-10-16 13:23:06,732 INFO     ___FILE_ONLY___ ╝

2023-10-16 13:23:06,735 DEBUG    root            Updating notification cache...
2023-10-16 13:23:06,735 INFO     ___FILE_ONLY___ 

2023-10-16 13:23:06,737 INFO     ___FILE_ONLY___ Performing post processing steps...
2023-10-16 13:23:06,738 DEBUG    root            Executing command: ['python3', '-S', '/tools/google-cloud-sdk/lib/gcloud.py', 'components', 'post-process']
2023-10-16 13:23:14,989 DEBUG    ___FILE_ONLY___ 
2023-10-16 13:23:14,990 DEBUG    ___FILE_ONLY___ 
2023-10-16 13:23:15,000 INFO     ___FILE_ONLY___ 
Update done!


2023-10-16 13:23:15,003 DEBUG    root            Chosen display Format:none
2023-10-16 13:23:15,004 INFO     root            Display format: "none"
