2023-10-16 13:23:15,696 DEBUG    root            Loaded Command Group: ['gcloud', 'components']
2023-10-16 13:23:15,699 DEBUG    root            Loaded Command Group: ['gcloud', 'components', 'update']
2023-10-16 13:23:15,701 DEBUG    root            Running [gcloud.components.update] with arguments: [--quiet: "True", COMPONENT-IDS:8: "['gcloud', 'core', 'bq', 'gsutil', 'compute', 'preview', 'alpha', 'beta']"]
2023-10-16 13:23:15,702 INFO     ___FILE_ONLY___ Beginning update. This process may take several minutes.

2023-10-16 13:23:15,707 DEBUG    urllib3.connectionpool Starting new HTTPS connection (1): dl.google.com:443
2023-10-16 13:23:15,860 DEBUG    urllib3.connectionpool https://dl.google.com:443 "GET /dl/cloudsdk/channels/rapid/components-2.json HTTP/1.1" 200 209941
2023-10-16 13:23:15,876 WARNING  root            Component [preview] no longer exists.
2023-10-16 13:23:15,876 WARNING  root            Component [compute] no longer exists.
2023-10-16 13:23:15,877 INFO     ___FILE_ONLY___ 

2023-10-16 13:23:15,878 INFO     ___FILE_ONLY___ 
Your current Google Cloud CLI version is: 450.0.0

2023-10-16 13:23:15,878 INFO     ___FILE_ONLY___ Installing components from version: 450.0.0

2023-10-16 13:23:15,878 INFO     ___FILE_ONLY___ 

2023-10-16 13:23:15,878 DEBUG    root            Chosen display Format:table[box,title="These components will be removed."](details.display_name:label=Name:align=left,version.version_string:label=Version:align=right,data.size.size(zero="",min=1048576):label=Size:align=right)
2023-10-16 13:23:15,879 DEBUG    root            Chosen display Format:table[box,title="These components will be updated."](details.display_name:label=Name:align=left,version.version_string:label=Version:align=right,data.size.size(zero="",min=1048576):label=Size:align=right)
2023-10-16 13:23:15,879 DEBUG    root            Chosen display Format:table[box,title="These components will be installed."](details.display_name:label=Name:align=left,version.version_string:label=Version:align=right,data.size.size(zero="",min=1048576):label=Size:align=right)
2023-10-16 13:23:15,881 INFO     ___FILE_ONLY___ ┌──────────────────────────────────────────────┐
2023-10-16 13:23:15,881 INFO     ___FILE_ONLY___ 

2023-10-16 13:23:15,881 INFO     ___FILE_ONLY___ │     These components will be installed.      │
2023-10-16 13:23:15,881 INFO     ___FILE_ONLY___ 

2023-10-16 13:23:15,881 INFO     ___FILE_ONLY___ ├───────────────────────┬────────────┬─────────┤
2023-10-16 13:23:15,881 INFO     ___FILE_ONLY___ 

2023-10-16 13:23:15,881 INFO     ___FILE_ONLY___ │          Name         │  Version   │   Size  │
2023-10-16 13:23:15,881 INFO     ___FILE_ONLY___ 

2023-10-16 13:23:15,881 INFO     ___FILE_ONLY___ ├───────────────────────┼────────────┼─────────┤
2023-10-16 13:23:15,882 INFO     ___FILE_ONLY___ 

2023-10-16 13:23:15,882 INFO     ___FILE_ONLY___ │ 
2023-10-16 13:23:15,882 INFO     ___FILE_ONLY___ gcloud Alpha Commands
2023-10-16 13:23:15,882 INFO     ___FILE_ONLY___  
2023-10-16 13:23:15,882 INFO     ___FILE_ONLY___ │ 
2023-10-16 13:23:15,882 INFO     ___FILE_ONLY___ 2023.10.06
2023-10-16 13:23:15,882 INFO     ___FILE_ONLY___  
2023-10-16 13:23:15,882 INFO     ___FILE_ONLY___ │ 
2023-10-16 13:23:15,882 INFO     ___FILE_ONLY___ < 1 MiB
2023-10-16 13:23:15,882 INFO     ___FILE_ONLY___  
2023-10-16 13:23:15,882 INFO     ___FILE_ONLY___ │
2023-10-16 13:23:15,882 INFO     ___FILE_ONLY___ 

2023-10-16 13:23:15,882 INFO     ___FILE_ONLY___ │ 
2023-10-16 13:23:15,882 INFO     ___FILE_ONLY___ gcloud Beta Commands 
2023-10-16 13:23:15,882 INFO     ___FILE_ONLY___  
2023-10-16 13:23:15,882 INFO     ___FILE_ONLY___ │ 
2023-10-16 13:23:15,883 INFO     ___FILE_ONLY___ 2023.10.06
2023-10-16 13:23:15,883 INFO     ___FILE_ONLY___  
2023-10-16 13:23:15,883 INFO     ___FILE_ONLY___ │ 
2023-10-16 13:23:15,883 INFO     ___FILE_ONLY___ < 1 MiB
2023-10-16 13:23:15,883 INFO     ___FILE_ONLY___  
2023-10-16 13:23:15,883 INFO     ___FILE_ONLY___ │
2023-10-16 13:23:15,883 INFO     ___FILE_ONLY___ 

2023-10-16 13:23:15,883 INFO     ___FILE_ONLY___ └───────────────────────┴────────────┴─────────┘
2023-10-16 13:23:15,883 INFO     ___FILE_ONLY___ 

2023-10-16 13:23:15,883 INFO     ___FILE_ONLY___ 

2023-10-16 13:23:15,889 DEBUG    urllib3.connectionpool Starting new HTTPS connection (1): dl.google.com:443
2023-10-16 13:23:15,986 DEBUG    urllib3.connectionpool https://dl.google.com:443 "GET /dl/cloudsdk/channels/rapid/RELEASE_NOTES HTTP/1.1" 200 1089789
2023-10-16 13:23:16,063 INFO     ___FILE_ONLY___ For the latest full release notes, please visit:
  https://cloud.google.com/sdk/release_notes


2023-10-16 13:23:16,066 INFO     ___FILE_ONLY___ ╔════════════════════════════════════════════════════════════╗

2023-10-16 13:23:16,066 INFO     ___FILE_ONLY___ ╠═ Creating update staging area                             ═╣

2023-10-16 13:23:16,066 INFO     ___FILE_ONLY___ ╚
2023-10-16 13:23:16,066 INFO     ___FILE_ONLY___ ══════
2023-10-16 13:23:16,605 INFO     ___FILE_ONLY___ ══════
2023-10-16 13:23:16,605 INFO     ___FILE_ONLY___ ══════
2023-10-16 13:23:16,893 INFO     ___FILE_ONLY___ ═
2023-10-16 13:23:17,002 INFO     ___FILE_ONLY___ ═
2023-10-16 13:23:17,089 INFO     ___FILE_ONLY___ ═
2023-10-16 13:23:17,347 INFO     ___FILE_ONLY___ ═
2023-10-16 13:23:17,416 INFO     ___FILE_ONLY___ ═
2023-10-16 13:23:17,499 INFO     ___FILE_ONLY___ ═
2023-10-16 13:23:17,569 INFO     ___FILE_ONLY___ ═
2023-10-16 13:23:17,664 INFO     ___FILE_ONLY___ ═
2023-10-16 13:23:17,742 INFO     ___FILE_ONLY___ ═
2023-10-16 13:23:17,866 INFO     ___FILE_ONLY___ ═
2023-10-16 13:23:17,926 INFO     ___FILE_ONLY___ ═
2023-10-16 13:23:18,016 INFO     ___FILE_ONLY___ ═
2023-10-16 13:23:18,158 INFO     ___FILE_ONLY___ ═
2023-10-16 13:23:18,228 INFO     ___FILE_ONLY___ ═
2023-10-16 13:23:18,285 INFO     ___FILE_ONLY___ ═
2023-10-16 13:23:18,354 INFO     ___FILE_ONLY___ ═
2023-10-16 13:23:18,399 INFO     ___FILE_ONLY___ ═
2023-10-16 13:23:18,448 INFO     ___FILE_ONLY___ ═
2023-10-16 13:23:18,503 INFO     ___FILE_ONLY___ ═
2023-10-16 13:23:18,557 INFO     ___FILE_ONLY___ ═
2023-10-16 13:23:18,620 INFO     ___FILE_ONLY___ ═
2023-10-16 13:23:18,682 INFO     ___FILE_ONLY___ ═
2023-10-16 13:23:18,731 INFO     ___FILE_ONLY___ ═
2023-10-16 13:23:18,773 INFO     ___FILE_ONLY___ ═
2023-10-16 13:23:18,820 INFO     ___FILE_ONLY___ ═
2023-10-16 13:23:18,876 INFO     ___FILE_ONLY___ ═
2023-10-16 13:23:18,921 INFO     ___FILE_ONLY___ ═
2023-10-16 13:23:18,972 INFO     ___FILE_ONLY___ ═
2023-10-16 13:23:19,021 INFO     ___FILE_ONLY___ ═
2023-10-16 13:23:19,066 INFO     ___FILE_ONLY___ ═
2023-10-16 13:23:19,123 INFO     ___FILE_ONLY___ ═
2023-10-16 13:23:19,182 INFO     ___FILE_ONLY___ ═
2023-10-16 13:23:19,224 INFO     ___FILE_ONLY___ ═
2023-10-16 13:23:19,350 INFO     ___FILE_ONLY___ ═
2023-10-16 13:23:19,405 INFO     ___FILE_ONLY___ ═
2023-10-16 13:23:19,454 INFO     ___FILE_ONLY___ ═
2023-10-16 13:23:19,501 INFO     ___FILE_ONLY___ ═
2023-10-16 13:23:19,573 INFO     ___FILE_ONLY___ ═
2023-10-16 13:23:19,720 INFO     ___FILE_ONLY___ ═
2023-10-16 13:23:19,767 INFO     ___FILE_ONLY___ ═
2023-10-16 13:23:19,817 INFO     ___FILE_ONLY___ ═
2023-10-16 13:23:19,869 INFO     ___FILE_ONLY___ ═
2023-10-16 13:23:19,869 INFO     ___FILE_ONLY___ ╝

2023-10-16 13:23:22,074 INFO     ___FILE_ONLY___ ╔════════════════════════════════════════════════════════════╗

2023-10-16 13:23:22,075 INFO     ___FILE_ONLY___ ╠═ Installing: gcloud Alpha Commands                        ═╣

2023-10-16 13:23:22,075 INFO     ___FILE_ONLY___ ╚
2023-10-16 13:23:22,079 DEBUG    urllib3.connectionpool Starting new HTTPS connection (1): dl.google.com:443
2023-10-16 13:23:22,197 DEBUG    urllib3.connectionpool https://dl.google.com:443 "GET /dl/cloudsdk/channels/rapid/components/google-cloud-sdk-alpha-20231006153333.tar.gz HTTP/1.1" 200 800
2023-10-16 13:23:22,198 INFO     ___FILE_ONLY___ ══════════════════════════════
2023-10-16 13:23:22,199 INFO     ___FILE_ONLY___ ══════════════════════════════
2023-10-16 13:23:22,200 INFO     ___FILE_ONLY___ ╝

2023-10-16 13:23:22,207 INFO     ___FILE_ONLY___ ╔════════════════════════════════════════════════════════════╗

2023-10-16 13:23:22,207 INFO     ___FILE_ONLY___ ╠═ Installing: gcloud Beta Commands                         ═╣

2023-10-16 13:23:22,207 INFO     ___FILE_ONLY___ ╚
2023-10-16 13:23:22,211 DEBUG    urllib3.connectionpool Starting new HTTPS connection (1): dl.google.com:443
2023-10-16 13:23:22,304 DEBUG    urllib3.connectionpool https://dl.google.com:443 "GET /dl/cloudsdk/channels/rapid/components/google-cloud-sdk-beta-20231006153333.tar.gz HTTP/1.1" 200 797
2023-10-16 13:23:22,305 INFO     ___FILE_ONLY___ ══════════════════════════════
2023-10-16 13:23:22,306 INFO     ___FILE_ONLY___ ══════════════════════════════
2023-10-16 13:23:22,306 INFO     ___FILE_ONLY___ ╝

2023-10-16 13:23:22,313 INFO     ___FILE_ONLY___ ╔════════════════════════════════════════════════════════════╗

2023-10-16 13:23:22,313 INFO     ___FILE_ONLY___ ╠═ Creating backup and activating new installation          ═╣

2023-10-16 13:23:22,313 INFO     ___FILE_ONLY___ ╚
2023-10-16 13:23:22,314 DEBUG    root            Attempting to move directory [/tools/google-cloud-sdk] to [/tools/google-cloud-sdk.staging/.install/.backup]
2023-10-16 13:23:22,314 INFO     ___FILE_ONLY___ ══════════════════════════════
2023-10-16 13:23:22,314 DEBUG    root            Attempting to move directory [/tools/google-cloud-sdk.staging] to [/tools/google-cloud-sdk]
2023-10-16 13:23:22,314 INFO     ___FILE_ONLY___ ══════════════════════════════
2023-10-16 13:23:22,314 INFO     ___FILE_ONLY___ ╝

2023-10-16 13:23:22,318 DEBUG    root            Updating notification cache...
2023-10-16 13:23:22,318 INFO     ___FILE_ONLY___ 

2023-10-16 13:23:22,320 INFO     ___FILE_ONLY___ Performing post processing steps...
2023-10-16 13:23:22,320 DEBUG    root            Executing command: ['python3', '-S', '/tools/google-cloud-sdk/lib/gcloud.py', 'components', 'post-process']
2023-10-16 13:23:30,770 DEBUG    ___FILE_ONLY___ 
2023-10-16 13:23:30,770 DEBUG    ___FILE_ONLY___ 
2023-10-16 13:23:30,832 INFO     ___FILE_ONLY___ 
Update done!


2023-10-16 13:23:30,835 DEBUG    root            Chosen display Format:none
2023-10-16 13:23:30,836 INFO     root            Display format: "none"
